C51 COMPILER V9.00   MAIN                                                                  10/08/2012 13:24:42 PAGE 1   


C51 COMPILER V9.00, COMPILATION OF MODULE MAIN
OBJECT MODULE PLACED IN main.OBJ
COMPILER INVOKED BY: E:\Program Files\keil\C51\BIN\C51.EXE main.c BROWSE DEBUG OBJECTEXTEND

line level    source

   1          #include <reg51.h>
   2          #include<intrins.h>
   3           unsigned char NUM[]={0xc0,0xf9,0xa4,0xb0,0x99,0x92,0x82,0xf8,0x80,0x90};
   4           sbit P32=P3^2;
   5          // bit Flag1;
   6           unsigned int count;
   7           unsigned char VL;
   8           unsigned char VH;
   9           unsigned char VAL;
  10           unsigned char Tbusy,Rbusy;
  11           void delay(unsigned int i)
  12           {
  13   1       while(i--);
  14   1       }
  15           
  16            void Display_One_Digit(unsigned char loc,unsigned char val);
  17            void Display_Num(unsigned char val);
  18            void main()
  19            {
  20   1        
  21   1              IT0=1;/*enable interrupt 0*/
  22   1              EX0=1;
  23   1              EA=1;
  24   1              
  25   1              TMOD=0X01;
  26   1              TR0=1;
  27   1              //ET0=1;
  28   1              
  29   1              P2&=0x1f;
  30   1              P0=0xff;
  31   1              P2|=0x80;
  32   1      
  33   1              P2&=0x1f;
  34   1              P0=0x01;
  35   1              P2|=0xa0;
  36   1              P2&=0x1f;
  37   1              while(1)
  38   1              {
  39   2                      Display_Num(VAL);
  40   2                      delay(50);
  41   2              }
  42   1        }
  43            
  44            void Display_One_Digit(unsigned char loc,unsigned char val)
  45          {
  46   1              P2&=0x1f;
  47   1              P2|=0xef;
  48   1              P0=val;
  49   1              P2&=0x1f;
  50   1      
  51   1              switch(loc)
  52   1              {
  53   2                      case 8:P0=0x01;break;
  54   2                      case 7:P0=0x02;break;
  55   2                      case 6:P0=0x04;break;
C51 COMPILER V9.00   MAIN                                                                  10/08/2012 13:24:42 PAGE 2   

  56   2                      case 5:P0=0x08;break;
  57   2                      case 4:P0=0x10;break;
  58   2                      case 3:P0=0x20;break;
  59   2                      case 2:P0=0x40;break;
  60   2                      case 1:P0=0x80;break;
  61   2              }
  62   1              
  63   1              P2|=0xc0;
  64   1              delay(100);             /*************/
  65   1              P0=0x00;
  66   1              P2*=0x1f;
  67   1      }
  68          void Display_Num(unsigned char val)
  69          {
  70   1              if((val/100)!=0)Display_One_Digit(3,NUM[val/100]);
  71   1              if(((val/100)!=0)||((val/10)!=0))Display_One_Digit(2,NUM[(val/10)%10]);
  72   1              Display_One_Digit(1,NUM[val%10]);       
  73   1      }
  74          
  75          void exint0() interrupt 0
  76          {
  77   1              int i=32;//42;/*这里的数字代表地址码和数据码的总位数*/
  78   1              EX0=0;
  79   1              TL0=TH0=0;
  80   1              //TF0=0;//clear timer0 inturrupt flag
  81   1              //ET0=1;//enable timer0 inturrupt
  82   1              //Flag1=1;
  83   1              delay(10);
  84   1              //VAL=1;
  85   1              while(!P32);
  86   1              
  87   1              //VAL=(TH0*256+TL0)/1000;
  88   1              if((TH0*256+TL0)>5000)
  89   1              {
  90   2                      
  91   2                      delay(10);
  92   2                      
  93   2                      while(P32&&((TH0*256+TL0)<15000));
  94   2                      if((TH0*256+TL0)>15000)goto loop;
  95   2                      delay(15);
  96   2                      while(P32&&((TH0*256+TL0)<15000));
  97   2                      if((TH0*256+TL0)>15000)goto loop;
  98   2                      delay(15);
  99   2                      while(!P32);
 100   2                      TL0=TH0=0;
 101   2                      if(!P32)
 102   2                      {
 103   3                          while(!P32);
 104   3                              TL0=TH0=0;
 105   3                      }
 106   2                      while(i--)
 107   2                      {
 108   3                              
 109   3                              while(!P32);
 110   3                              delay(15);
 111   3                              while(!P32);
 112   3                              delay(15);
 113   3                              while(P32&&((TH0*256+TL0)<15000));
 114   3                              if((TH0*256+TL0)>15000)goto loop;
 115   3                              count=(TH0*256+TL0);
 116   3                              delay(15);
 117   3                              if(P32&&((TH0*256+TL0)<15000)){
C51 COMPILER V9.00   MAIN                                                                  10/08/2012 13:24:42 PAGE 3   

 118   4                                  while(P32&&((TH0*256+TL0)<15000));
 119   4                                      if((TH0*256+TL0)>15000)goto loop;
 120   4                                      count=(TH0*256+TL0);
 121   4                              }
 122   3                              TL0=TH0=0;
 123   3                              if(i<16)
 124   3                              {
 125   4                                      if(i>7)
 126   4                                      {
 127   5                                              VH>>=1;
 128   5                                              if((count)>2000)
 129   5                                                      VH|=0x80;
 130   5                                      }
 131   4                                      else
 132   4                                      {
 133   5                                              VL>>=1;
 134   5                                              if((count)>2000)VL|=0x80;
 135   5                                      }
 136   4                                      
 137   4                              }
 138   3                      }
 139   2                      //VL=0xff;
 140   2                      if((VH^VL)==0xff)VAL=VH;
 141   2                      //Flag1=0;
 142   2                      //while(!P32);
 143   2              }
 144   1              //ET0=0;//disable timer0 inturrupt
 145   1      loop:
 146   1              IE0=0;
 147   1              EX0=1;
 148   1      }
 149          
 150          /*void tm0_isr() interrupt 1
 151          {
 152                  VAL=7;
 153                  if(Flag1!=0)Flag1=0;
 154          }  */


MODULE INFORMATION:   STATIC OVERLAYABLE
   CODE SIZE        =    753    ----
   CONSTANT SIZE    =   ----    ----
   XDATA SIZE       =   ----    ----
   PDATA SIZE       =   ----    ----
   DATA SIZE        =     17    ----
   IDATA SIZE       =   ----    ----
   BIT SIZE         =   ----    ----
END OF MODULE INFORMATION.


C51 COMPILATION COMPLETE.  0 WARNING(S),  0 ERROR(S)
